<?xml version="1.0" encoding="UTF-8"?>
<!-- Generated by org.testng.reporters.JUnitReportReporter -->
<testsuite hostname="DESKTOP-OUBE3OH" failures="0" tests="1" name="org.testing.TestScripts.Final_TC7" time="48.935" errors="0" timestamp="30 Jan 2024 17:51:35 GMT">
  <testcase classname="org.testing.TestScripts.Final_TC7" name="Click_Watch_Later" time="48.935"/>
</testsuite> <!-- org.testing.TestScripts.Final_TC7 -->
