<?xml version="1.0" encoding="UTF-8"?>
<!-- Generated by org.testng.reporters.JUnitReportReporter -->
<testsuite hostname="DESKTOP-OUBE3OH" failures="0" tests="1" name="org.testing.TestScripts.Final_TC2" time="48.159" errors="0" timestamp="30 Jan 2024 17:51:35 GMT">
  <testcase classname="org.testing.TestScripts.Final_TC2" name="Click_History" time="48.159"/>
</testsuite> <!-- org.testing.TestScripts.Final_TC2 -->
